<?xml version="1.0" encoding="UTF-8"?>
<!-- Generated by org.testng.reporters.JUnitXMLReporter -->
<testsuite ignored="0" hostname="N-20L6PF1LDHZG" failures="3" tests="40" name="SmokeTestFF" time="157.658" errors="0" timestamp="2021-05-07T13:45:12 IST">
  <testcase classname="testCases.HybridExecuteTest" name="testLogin" time="4.286"/>
  <testcase classname="testCases.HybridExecuteTest" name="testLogin" time="11.913"/>
  <testcase classname="testCases.HybridExecuteTest" name="testLogin" time="7.227"/>
  <testcase classname="testCases.HybridExecuteTest" name="testLogin" time="3.321"/>
  <testcase classname="testCases.HybridExecuteTest" name="testLogin" time="3.35"/>
  <testcase classname="testCases.HybridExecuteTest" name="testLogin" time="3.48"/>
  <testcase classname="testCases.HybridExecuteTest" name="testLogin" time="0.019"/>
  <testcase classname="testCases.HybridExecuteTest" name="testLogin" time="0.009"/>
  <testcase classname="testCases.HybridExecuteTest" name="testLogin" time="6.478"/>
  <testcase classname="testCases.HybridExecuteTest" name="testLogin" time="3.796"/>
  <testcase classname="testCases.HybridExecuteTest" name="testLogin" time="11.036"/>
  <testcase classname="testCases.HybridExecuteTest" name="testLogin" time="7.971"/>
  <testcase classname="testCases.HybridExecuteTest" name="testLogin" time="3.291"/>
  <testcase classname="testCases.HybridExecuteTest" name="testLogin" time="3.285"/>
  <testcase classname="testCases.HybridExecuteTest" name="testLogin" time="3.445"/>
  <testcase classname="testCases.HybridExecuteTest" name="testLogin" time="0.017"/>
  <testcase classname="testCases.HybridExecuteTest" name="testLogin" time="0.005"/>
  <testcase classname="testCases.HybridExecuteTest" name="testLogin" time="3.095"/>
  <testcase classname="testCases.HybridExecuteTest" name="testLogin" time="0.063"/>
  <testcase classname="testCases.HybridExecuteTest" name="testLogin" time="6.628"/>
  <testcase classname="testCases.HybridExecuteTest" name="testLogin" time="0.056"/>
  <testcase classname="testCases.HybridExecuteTest" name="testLogin" time="3.425"/>
  <testcase classname="testCases.HybridExecuteTest" name="testLogin" time="6.336"/>
  <testcase classname="testCases.HybridExecuteTest" name="testLogin" time="0.124"/>
  <testcase classname="testCases.HybridExecuteTest" name="testLogin" time="3.277"/>
  <testcase classname="testCases.HybridExecuteTest" name="testLogin" time="3.41"/>
  <testcase classname="testCases.HybridExecuteTest" name="testLogin" time="10.136"/>
  <testcase classname="testCases.HybridExecuteTest" name="testLogin" time="10.18"/>
  <testcase classname="testCases.HybridExecuteTest" name="testLogin" time="10.27"/>
  <testcase classname="testCases.HybridExecuteTest" name="testLogin" time="10.115"/>
  <testcase classname="testCases.HybridExecuteTest" name="testLogin" time="3.373"/>
  <testcase classname="testCases.HybridExecuteTest" name="testLogin" time="0.102"/>
  <testcase classname="testCases.HybridExecuteTest" name="testLogin" time="10.072"/>
  <testcase classname="testCases.HybridExecuteTest" name="testLogin" time="0.038"/>
  <testcase classname="testCases.HybridExecuteTest" name="testLogin" time="0.038"/>
  <testcase classname="testCases.HybridExecuteTest" name="testLogin" time="0.028"/>
  <testcase classname="testCases.HybridExecuteTest" name="testLogin" time="0.039">
    <failure type="org.openqa.selenium.ElementNotInteractableException" message="Element &amp;lt;input class=&amp;quot;normalsection inputMedium cr_crd_add&amp;quot; type=&amp;quot;text&amp;quot;&amp;gt; is not reachable by keyboard
Build info: version: &amp;apos;3.141.59&amp;apos;, revision: &amp;apos;e82be7d358&amp;apos;, time: &amp;apos;2018-11-14T08:25:53&amp;apos;
System info: host: &amp;apos;N-20L6PF1LDHZG&amp;apos;, ip: &amp;apos;10.143.118.154&amp;apos;, os.name: &amp;apos;Windows 10&amp;apos;, os.arch: &amp;apos;amd64&amp;apos;, os.version: &amp;apos;10.0&amp;apos;, java.version: &amp;apos;11.0.6&amp;apos;
Driver info: org.openqa.selenium.firefox.FirefoxDriver
Capabilities {acceptInsecureCerts: true, browserName: firefox, browserVersion: 78.10.0, javascriptEnabled: true, moz:accessibilityChecks: false, moz:buildID: 20210412162915, moz:geckodriverVersion: 0.29.0, moz:headless: false, moz:processID: 10260, moz:profile: C:\Users\sannaray\AppData\L..., moz:shutdownTimeout: 60000, moz:useNonSpecCompliantPointerOrigin: false, moz:webdriverClick: true, pageLoadStrategy: normal, platform: WINDOWS, platformName: WINDOWS, platformVersion: 10.0, rotatable: false, setWindowRect: true, strictFileInteractability: false, timeouts: {implicit: 0, pageLoad: 300000, script: 30000}, unhandledPromptBehavior: dismiss and notify}
Session ID: c545dc1d-6485-46d1-b364-0b6271d4d27e">
      <![CDATA[org.openqa.selenium.ElementNotInteractableException: Element <input class="normalsection inputMedium cr_crd_add" type="text"> is not reachable by keyboard
Build info: version: '3.141.59', revision: 'e82be7d358', time: '2018-11-14T08:25:53'
System info: host: 'N-20L6PF1LDHZG', ip: '10.143.118.154', os.name: 'Windows 10', os.arch: 'amd64', os.version: '10.0', java.version: '11.0.6'
Driver info: org.openqa.selenium.firefox.FirefoxDriver
Capabilities {acceptInsecureCerts: true, browserName: firefox, browserVersion: 78.10.0, javascriptEnabled: true, moz:accessibilityChecks: false, moz:buildID: 20210412162915, moz:geckodriverVersion: 0.29.0, moz:headless: false, moz:processID: 10260, moz:profile: C:\Users\sannaray\AppData\L..., moz:shutdownTimeout: 60000, moz:useNonSpecCompliantPointerOrigin: false, moz:webdriverClick: true, pageLoadStrategy: normal, platform: WINDOWS, platformName: WINDOWS, platformVersion: 10.0, rotatable: false, setWindowRect: true, strictFileInteractability: false, timeouts: {implicit: 0, pageLoad: 300000, script: 30000}, unhandledPromptBehavior: dismiss and notify}
Session ID: c545dc1d-6485-46d1-b364-0b6271d4d27e
at org.openqa.selenium.remote.http.W3CHttpResponseCodec.createException(W3CHttpResponseCodec.java:187)
at org.openqa.selenium.remote.http.W3CHttpResponseCodec.decode(W3CHttpResponseCodec.java:122)
at org.openqa.selenium.remote.http.W3CHttpResponseCodec.decode(W3CHttpResponseCodec.java:49)
at org.openqa.selenium.remote.HttpCommandExecutor.execute(HttpCommandExecutor.java:158)
at org.openqa.selenium.remote.service.DriverCommandExecutor.execute(DriverCommandExecutor.java:83)
at org.openqa.selenium.remote.RemoteWebDriver.execute(RemoteWebDriver.java:552)
at org.openqa.selenium.remote.RemoteWebElement.execute(RemoteWebElement.java:285)
at org.openqa.selenium.remote.RemoteWebElement.sendKeys(RemoteWebElement.java:106)
at operation.UIOperation.perform(UIOperation.java:24)
at testCases.HybridExecuteTest.testLogin(HybridExecuteTest.java:34)
at java.base/java.util.ArrayList.forEach(ArrayList.java:1540)
at mainrunner.runnerclass.main(runnerclass.java:24)
... Removed 27 stack frames]]>
    </failure>
  </testcase> <!-- testLogin -->
  <testcase classname="testCases.HybridExecuteTest" name="testLogin" time="0.017">
    <failure type="org.openqa.selenium.ElementNotInteractableException" message="Element &amp;lt;input class=&amp;quot;normalsection inputMedium cr_crd_zip&amp;quot; type=&amp;quot;text&amp;quot;&amp;gt; is not reachable by keyboard
Build info: version: &amp;apos;3.141.59&amp;apos;, revision: &amp;apos;e82be7d358&amp;apos;, time: &amp;apos;2018-11-14T08:25:53&amp;apos;
System info: host: &amp;apos;N-20L6PF1LDHZG&amp;apos;, ip: &amp;apos;10.143.118.154&amp;apos;, os.name: &amp;apos;Windows 10&amp;apos;, os.arch: &amp;apos;amd64&amp;apos;, os.version: &amp;apos;10.0&amp;apos;, java.version: &amp;apos;11.0.6&amp;apos;
Driver info: org.openqa.selenium.firefox.FirefoxDriver
Capabilities {acceptInsecureCerts: true, browserName: firefox, browserVersion: 78.10.0, javascriptEnabled: true, moz:accessibilityChecks: false, moz:buildID: 20210412162915, moz:geckodriverVersion: 0.29.0, moz:headless: false, moz:processID: 10260, moz:profile: C:\Users\sannaray\AppData\L..., moz:shutdownTimeout: 60000, moz:useNonSpecCompliantPointerOrigin: false, moz:webdriverClick: true, pageLoadStrategy: normal, platform: WINDOWS, platformName: WINDOWS, platformVersion: 10.0, rotatable: false, setWindowRect: true, strictFileInteractability: false, timeouts: {implicit: 0, pageLoad: 300000, script: 30000}, unhandledPromptBehavior: dismiss and notify}
Session ID: c545dc1d-6485-46d1-b364-0b6271d4d27e">
      <![CDATA[org.openqa.selenium.ElementNotInteractableException: Element <input class="normalsection inputMedium cr_crd_zip" type="text"> is not reachable by keyboard
Build info: version: '3.141.59', revision: 'e82be7d358', time: '2018-11-14T08:25:53'
System info: host: 'N-20L6PF1LDHZG', ip: '10.143.118.154', os.name: 'Windows 10', os.arch: 'amd64', os.version: '10.0', java.version: '11.0.6'
Driver info: org.openqa.selenium.firefox.FirefoxDriver
Capabilities {acceptInsecureCerts: true, browserName: firefox, browserVersion: 78.10.0, javascriptEnabled: true, moz:accessibilityChecks: false, moz:buildID: 20210412162915, moz:geckodriverVersion: 0.29.0, moz:headless: false, moz:processID: 10260, moz:profile: C:\Users\sannaray\AppData\L..., moz:shutdownTimeout: 60000, moz:useNonSpecCompliantPointerOrigin: false, moz:webdriverClick: true, pageLoadStrategy: normal, platform: WINDOWS, platformName: WINDOWS, platformVersion: 10.0, rotatable: false, setWindowRect: true, strictFileInteractability: false, timeouts: {implicit: 0, pageLoad: 300000, script: 30000}, unhandledPromptBehavior: dismiss and notify}
Session ID: c545dc1d-6485-46d1-b364-0b6271d4d27e
at org.openqa.selenium.remote.http.W3CHttpResponseCodec.createException(W3CHttpResponseCodec.java:187)
at org.openqa.selenium.remote.http.W3CHttpResponseCodec.decode(W3CHttpResponseCodec.java:122)
at org.openqa.selenium.remote.http.W3CHttpResponseCodec.decode(W3CHttpResponseCodec.java:49)
at org.openqa.selenium.remote.HttpCommandExecutor.execute(HttpCommandExecutor.java:158)
at org.openqa.selenium.remote.service.DriverCommandExecutor.execute(DriverCommandExecutor.java:83)
at org.openqa.selenium.remote.RemoteWebDriver.execute(RemoteWebDriver.java:552)
at org.openqa.selenium.remote.RemoteWebElement.execute(RemoteWebElement.java:285)
at org.openqa.selenium.remote.RemoteWebElement.sendKeys(RemoteWebElement.java:106)
at operation.UIOperation.perform(UIOperation.java:24)
at testCases.HybridExecuteTest.testLogin(HybridExecuteTest.java:34)
at java.base/java.util.ArrayList.forEach(ArrayList.java:1540)
at mainrunner.runnerclass.main(runnerclass.java:24)
... Removed 27 stack frames]]>
    </failure>
  </testcase> <!-- testLogin -->
  <testcase classname="testCases.HybridExecuteTest" name="testLogin" time="0.018">
    <failure type="org.openqa.selenium.ElementNotInteractableException" message="Element &amp;lt;input class=&amp;quot;normalsection inputMedium cr_crd_state&amp;quot; type=&amp;quot;text&amp;quot;&amp;gt; is not reachable by keyboard
Build info: version: &amp;apos;3.141.59&amp;apos;, revision: &amp;apos;e82be7d358&amp;apos;, time: &amp;apos;2018-11-14T08:25:53&amp;apos;
System info: host: &amp;apos;N-20L6PF1LDHZG&amp;apos;, ip: &amp;apos;10.143.118.154&amp;apos;, os.name: &amp;apos;Windows 10&amp;apos;, os.arch: &amp;apos;amd64&amp;apos;, os.version: &amp;apos;10.0&amp;apos;, java.version: &amp;apos;11.0.6&amp;apos;
Driver info: org.openqa.selenium.firefox.FirefoxDriver
Capabilities {acceptInsecureCerts: true, browserName: firefox, browserVersion: 78.10.0, javascriptEnabled: true, moz:accessibilityChecks: false, moz:buildID: 20210412162915, moz:geckodriverVersion: 0.29.0, moz:headless: false, moz:processID: 10260, moz:profile: C:\Users\sannaray\AppData\L..., moz:shutdownTimeout: 60000, moz:useNonSpecCompliantPointerOrigin: false, moz:webdriverClick: true, pageLoadStrategy: normal, platform: WINDOWS, platformName: WINDOWS, platformVersion: 10.0, rotatable: false, setWindowRect: true, strictFileInteractability: false, timeouts: {implicit: 0, pageLoad: 300000, script: 30000}, unhandledPromptBehavior: dismiss and notify}
Session ID: c545dc1d-6485-46d1-b364-0b6271d4d27e">
      <![CDATA[org.openqa.selenium.ElementNotInteractableException: Element <input class="normalsection inputMedium cr_crd_state" type="text"> is not reachable by keyboard
Build info: version: '3.141.59', revision: 'e82be7d358', time: '2018-11-14T08:25:53'
System info: host: 'N-20L6PF1LDHZG', ip: '10.143.118.154', os.name: 'Windows 10', os.arch: 'amd64', os.version: '10.0', java.version: '11.0.6'
Driver info: org.openqa.selenium.firefox.FirefoxDriver
Capabilities {acceptInsecureCerts: true, browserName: firefox, browserVersion: 78.10.0, javascriptEnabled: true, moz:accessibilityChecks: false, moz:buildID: 20210412162915, moz:geckodriverVersion: 0.29.0, moz:headless: false, moz:processID: 10260, moz:profile: C:\Users\sannaray\AppData\L..., moz:shutdownTimeout: 60000, moz:useNonSpecCompliantPointerOrigin: false, moz:webdriverClick: true, pageLoadStrategy: normal, platform: WINDOWS, platformName: WINDOWS, platformVersion: 10.0, rotatable: false, setWindowRect: true, strictFileInteractability: false, timeouts: {implicit: 0, pageLoad: 300000, script: 30000}, unhandledPromptBehavior: dismiss and notify}
Session ID: c545dc1d-6485-46d1-b364-0b6271d4d27e
at org.openqa.selenium.remote.http.W3CHttpResponseCodec.createException(W3CHttpResponseCodec.java:187)
at org.openqa.selenium.remote.http.W3CHttpResponseCodec.decode(W3CHttpResponseCodec.java:122)
at org.openqa.selenium.remote.http.W3CHttpResponseCodec.decode(W3CHttpResponseCodec.java:49)
at org.openqa.selenium.remote.HttpCommandExecutor.execute(HttpCommandExecutor.java:158)
at org.openqa.selenium.remote.service.DriverCommandExecutor.execute(DriverCommandExecutor.java:83)
at org.openqa.selenium.remote.RemoteWebDriver.execute(RemoteWebDriver.java:552)
at org.openqa.selenium.remote.RemoteWebElement.execute(RemoteWebElement.java:285)
at org.openqa.selenium.remote.RemoteWebElement.sendKeys(RemoteWebElement.java:106)
at operation.UIOperation.perform(UIOperation.java:24)
at testCases.HybridExecuteTest.testLogin(HybridExecuteTest.java:34)
at java.base/java.util.ArrayList.forEach(ArrayList.java:1540)
at mainrunner.runnerclass.main(runnerclass.java:24)
... Removed 27 stack frames]]>
    </failure>
  </testcase> <!-- testLogin -->
  <testcase classname="testCases.HybridExecuteTest" name="testLogin" time="3.276"/>
</testsuite> <!-- SmokeTestFF -->
