<html>
<head>
<title>TestNG:  SmokeTestFF</title>
<link href="../testng.css" rel="stylesheet" type="text/css" />
<link href="../my-testng.css" rel="stylesheet" type="text/css" />

<style type="text/css">
.log { display: none;} 
.stack-trace { display: none;} 
</style>
<script type="text/javascript">
<!--
function flip(e) {
  current = e.style.display;
  if (current == 'block') {
    e.style.display = 'none';
    return 0;
  }
  else {
    e.style.display = 'block';
    return 1;
  }
}

function toggleBox(szDivId, elem, msg1, msg2)
{
  var res = -1;  if (document.getElementById) {
    res = flip(document.getElementById(szDivId));
  }
  else if (document.all) {
    // this is the way old msie versions work
    res = flip(document.all[szDivId]);
  }
  if(elem) {
    if(res == 0) elem.innerHTML = msg1; else elem.innerHTML = msg2;
  }

}

function toggleAllBoxes() {
  if (document.getElementsByTagName) {
    d = document.getElementsByTagName('div');
    for (i = 0; i < d.length; i++) {
      if (d[i].className == 'log') {
        flip(d[i]);
      }
    }
  }
}

// -->
</script>

</head>
<body>
<h2 align='center'>SmokeTestFF</h2><table border='1' align="center">
<tr>
<td>Tests passed/Failed/Skipped:</td><td>37/3/0</td>
</tr><tr>
<td>Started on:</td><td>Fri May 07 13:42:34 IST 2021</td>
</tr>
<tr><td>Total time:</td><td>157 seconds (157658 ms)</td>
</tr><tr>
<td>Included groups:</td><td></td>
</tr><tr>
<td>Excluded groups:</td><td></td>
</tr>
</table><p/>
<small><i>(Hover the method name to see the test class name)</i></small><p/>
<table width='100%' border='1' class='invocation-failed'>
<tr><td colspan='4' align='center'><b>FAILED TESTS</b></td></tr>
<tr><td><b>Test method</b></td>
<td width="30%"><b>Exception</b></td>
<td width="10%"><b>Time (seconds)</b></td>
<td><b>Instance</b></td>
</tr>
<tr>
<td title='testCases.HybridExecuteTest.testLogin()'><b>testLogin</b><br>Test class: testCases.HybridExecuteTest<br>Parameters: , SETTEXT, zip, xpath, 600100</td>
<td><div><pre>org.openqa.selenium.ElementNotInteractableException: Element &lt;input class=&quot;normalsection inputMedium cr_crd_zip&quot; type=&quot;text&quot;&gt; is not reachable by keyboard
Build info: version: &apos;3.141.59&apos;, revision: &apos;e82be7d358&apos;, time: &apos;2018-11-14T08:25:53&apos;
System info: host: &apos;N-20L6PF1LDHZG&apos;, ip: &apos;10.143.118.154&apos;, os.name: &apos;Windows 10&apos;, os.arch: &apos;amd64&apos;, os.version: &apos;10.0&apos;, java.version: &apos;11.0.6&apos;
Driver info: org.openqa.selenium.firefox.FirefoxDriver
Capabilities {acceptInsecureCerts: true, browserName: firefox, browserVersion: 78.10.0, javascriptEnabled: true, moz:accessibilityChecks: false, moz:buildID: 20210412162915, moz:geckodriverVersion: 0.29.0, moz:headless: false, moz:processID: 10260, moz:profile: C:\Users\sannaray\AppData\L..., moz:shutdownTimeout: 60000, moz:useNonSpecCompliantPointerOrigin: false, moz:webdriverClick: true, pageLoadStrategy: normal, platform: WINDOWS, platformName: WINDOWS, platformVersion: 10.0, rotatable: false, setWindowRect: true, strictFileInteractability: false, timeouts: {implicit: 0, pageLoad: 300000, script: 30000}, unhandledPromptBehavior: dismiss and notify}
Session ID: c545dc1d-6485-46d1-b364-0b6271d4d27e
	at org.openqa.selenium.remote.http.W3CHttpResponseCodec.createException(W3CHttpResponseCodec.java:187)
	at org.openqa.selenium.remote.http.W3CHttpResponseCodec.decode(W3CHttpResponseCodec.java:122)
	at org.openqa.selenium.remote.http.W3CHttpResponseCodec.decode(W3CHttpResponseCodec.java:49)
	at org.openqa.selenium.remote.HttpCommandExecutor.execute(HttpCommandExecutor.java:158)
	at org.openqa.selenium.remote.service.DriverCommandExecutor.execute(DriverCommandExecutor.java:83)
	at org.openqa.selenium.remote.RemoteWebDriver.execute(RemoteWebDriver.java:552)
	at org.openqa.selenium.remote.RemoteWebElement.execute(RemoteWebElement.java:285)
	at org.openqa.selenium.remote.RemoteWebElement.sendKeys(RemoteWebElement.java:106)
	at operation.UIOperation.perform(UIOperation.java:24)
	at testCases.HybridExecuteTest.testLogin(HybridExecuteTest.java:34)
	at java.base/java.util.ArrayList.forEach(ArrayList.java:1540)
	at mainrunner.runnerclass.main(runnerclass.java:24)
... Removed 27 stack frames</pre></div><a href='#' onClick='toggleBox("stack-trace678680178", this, "Click to show all stack frames", "Click to hide stack frames")'>Click to show all stack frames</a>
<div class='stack-trace' id='stack-trace678680178'><pre>org.openqa.selenium.ElementNotInteractableException: Element &lt;input class=&quot;normalsection inputMedium cr_crd_zip&quot; type=&quot;text&quot;&gt; is not reachable by keyboard
Build info: version: &apos;3.141.59&apos;, revision: &apos;e82be7d358&apos;, time: &apos;2018-11-14T08:25:53&apos;
System info: host: &apos;N-20L6PF1LDHZG&apos;, ip: &apos;10.143.118.154&apos;, os.name: &apos;Windows 10&apos;, os.arch: &apos;amd64&apos;, os.version: &apos;10.0&apos;, java.version: &apos;11.0.6&apos;
Driver info: org.openqa.selenium.firefox.FirefoxDriver
Capabilities {acceptInsecureCerts: true, browserName: firefox, browserVersion: 78.10.0, javascriptEnabled: true, moz:accessibilityChecks: false, moz:buildID: 20210412162915, moz:geckodriverVersion: 0.29.0, moz:headless: false, moz:processID: 10260, moz:profile: C:\Users\sannaray\AppData\L..., moz:shutdownTimeout: 60000, moz:useNonSpecCompliantPointerOrigin: false, moz:webdriverClick: true, pageLoadStrategy: normal, platform: WINDOWS, platformName: WINDOWS, platformVersion: 10.0, rotatable: false, setWindowRect: true, strictFileInteractability: false, timeouts: {implicit: 0, pageLoad: 300000, script: 30000}, unhandledPromptBehavior: dismiss and notify}
Session ID: c545dc1d-6485-46d1-b364-0b6271d4d27e
	at java.base/jdk.internal.reflect.NativeConstructorAccessorImpl.newInstance0(Native Method)
	at java.base/jdk.internal.reflect.NativeConstructorAccessorImpl.newInstance(NativeConstructorAccessorImpl.java:62)
	at java.base/jdk.internal.reflect.DelegatingConstructorAccessorImpl.newInstance(DelegatingConstructorAccessorImpl.java:45)
	at java.base/java.lang.reflect.Constructor.newInstance(Constructor.java:490)
	at org.openqa.selenium.remote.http.W3CHttpResponseCodec.createException(W3CHttpResponseCodec.java:187)
	at org.openqa.selenium.remote.http.W3CHttpResponseCodec.decode(W3CHttpResponseCodec.java:122)
	at org.openqa.selenium.remote.http.W3CHttpResponseCodec.decode(W3CHttpResponseCodec.java:49)
	at org.openqa.selenium.remote.HttpCommandExecutor.execute(HttpCommandExecutor.java:158)
	at org.openqa.selenium.remote.service.DriverCommandExecutor.execute(DriverCommandExecutor.java:83)
	at org.openqa.selenium.remote.RemoteWebDriver.execute(RemoteWebDriver.java:552)
	at org.openqa.selenium.remote.RemoteWebElement.execute(RemoteWebElement.java:285)
	at org.openqa.selenium.remote.RemoteWebElement.sendKeys(RemoteWebElement.java:106)
	at operation.UIOperation.perform(UIOperation.java:24)
	at testCases.HybridExecuteTest.testLogin(HybridExecuteTest.java:34)
	at jdk.internal.reflect.GeneratedMethodAccessor1.invoke(Unknown Source)
	at java.base/jdk.internal.reflect.DelegatingMethodAccessorImpl.invoke(DelegatingMethodAccessorImpl.java:43)
	at java.base/java.lang.reflect.Method.invoke(Method.java:566)
	at org.testng.internal.MethodInvocationHelper.invokeMethod(MethodInvocationHelper.java:133)
	at org.testng.internal.TestInvoker.invokeMethod(TestInvoker.java:598)
	at org.testng.internal.TestInvoker.invokeTestMethod(TestInvoker.java:173)
	at org.testng.internal.MethodRunner.runInSequence(MethodRunner.java:46)
	at org.testng.internal.TestInvoker$MethodInvocationAgent.invoke(TestInvoker.java:824)
	at org.testng.internal.TestInvoker.invokeTestMethods(TestInvoker.java:146)
	at org.testng.internal.TestMethodWorker.invokeTestMethods(TestMethodWorker.java:146)
	at org.testng.internal.TestMethodWorker.run(TestMethodWorker.java:128)
	at java.base/java.util.ArrayList.forEach(ArrayList.java:1540)
	at org.testng.TestRunner.privateRun(TestRunner.java:794)
	at org.testng.TestRunner.run(TestRunner.java:596)
	at org.testng.SuiteRunner.runTest(SuiteRunner.java:377)
	at org.testng.SuiteRunner.runSequentially(SuiteRunner.java:371)
	at org.testng.SuiteRunner.privateRun(SuiteRunner.java:332)
	at org.testng.SuiteRunner.run(SuiteRunner.java:276)
	at org.testng.SuiteRunnerWorker.runSuite(SuiteRunnerWorker.java:53)
	at org.testng.SuiteRunnerWorker.run(SuiteRunnerWorker.java:96)
	at org.testng.TestNG.runSuitesSequentially(TestNG.java:1212)
	at org.testng.TestNG.runSuitesLocally(TestNG.java:1134)
	at org.testng.TestNG.runSuites(TestNG.java:1063)
	at org.testng.TestNG.run(TestNG.java:1031)
	at mainrunner.runnerclass.main(runnerclass.java:24)
</pre></div></td>
<td>0</td>
<td>testCases.HybridExecuteTest@3891771e</td></tr>
<tr>
<td title='testCases.HybridExecuteTest.testLogin()'><b>testLogin</b><br>Test class: testCases.HybridExecuteTest<br>Parameters: , SETTEXT, addr, xpath, MEDAVAKKAM</td>
<td><div><pre>org.openqa.selenium.ElementNotInteractableException: Element &lt;input class=&quot;normalsection inputMedium cr_crd_add&quot; type=&quot;text&quot;&gt; is not reachable by keyboard
Build info: version: &apos;3.141.59&apos;, revision: &apos;e82be7d358&apos;, time: &apos;2018-11-14T08:25:53&apos;
System info: host: &apos;N-20L6PF1LDHZG&apos;, ip: &apos;10.143.118.154&apos;, os.name: &apos;Windows 10&apos;, os.arch: &apos;amd64&apos;, os.version: &apos;10.0&apos;, java.version: &apos;11.0.6&apos;
Driver info: org.openqa.selenium.firefox.FirefoxDriver
Capabilities {acceptInsecureCerts: true, browserName: firefox, browserVersion: 78.10.0, javascriptEnabled: true, moz:accessibilityChecks: false, moz:buildID: 20210412162915, moz:geckodriverVersion: 0.29.0, moz:headless: false, moz:processID: 10260, moz:profile: C:\Users\sannaray\AppData\L..., moz:shutdownTimeout: 60000, moz:useNonSpecCompliantPointerOrigin: false, moz:webdriverClick: true, pageLoadStrategy: normal, platform: WINDOWS, platformName: WINDOWS, platformVersion: 10.0, rotatable: false, setWindowRect: true, strictFileInteractability: false, timeouts: {implicit: 0, pageLoad: 300000, script: 30000}, unhandledPromptBehavior: dismiss and notify}
Session ID: c545dc1d-6485-46d1-b364-0b6271d4d27e
	at org.openqa.selenium.remote.http.W3CHttpResponseCodec.createException(W3CHttpResponseCodec.java:187)
	at org.openqa.selenium.remote.http.W3CHttpResponseCodec.decode(W3CHttpResponseCodec.java:122)
	at org.openqa.selenium.remote.http.W3CHttpResponseCodec.decode(W3CHttpResponseCodec.java:49)
	at org.openqa.selenium.remote.HttpCommandExecutor.execute(HttpCommandExecutor.java:158)
	at org.openqa.selenium.remote.service.DriverCommandExecutor.execute(DriverCommandExecutor.java:83)
	at org.openqa.selenium.remote.RemoteWebDriver.execute(RemoteWebDriver.java:552)
	at org.openqa.selenium.remote.RemoteWebElement.execute(RemoteWebElement.java:285)
	at org.openqa.selenium.remote.RemoteWebElement.sendKeys(RemoteWebElement.java:106)
	at operation.UIOperation.perform(UIOperation.java:24)
	at testCases.HybridExecuteTest.testLogin(HybridExecuteTest.java:34)
	at java.base/java.util.ArrayList.forEach(ArrayList.java:1540)
	at mainrunner.runnerclass.main(runnerclass.java:24)
... Removed 27 stack frames</pre></div><a href='#' onClick='toggleBox("stack-trace2056566350", this, "Click to show all stack frames", "Click to hide stack frames")'>Click to show all stack frames</a>
<div class='stack-trace' id='stack-trace2056566350'><pre>org.openqa.selenium.ElementNotInteractableException: Element &lt;input class=&quot;normalsection inputMedium cr_crd_add&quot; type=&quot;text&quot;&gt; is not reachable by keyboard
Build info: version: &apos;3.141.59&apos;, revision: &apos;e82be7d358&apos;, time: &apos;2018-11-14T08:25:53&apos;
System info: host: &apos;N-20L6PF1LDHZG&apos;, ip: &apos;10.143.118.154&apos;, os.name: &apos;Windows 10&apos;, os.arch: &apos;amd64&apos;, os.version: &apos;10.0&apos;, java.version: &apos;11.0.6&apos;
Driver info: org.openqa.selenium.firefox.FirefoxDriver
Capabilities {acceptInsecureCerts: true, browserName: firefox, browserVersion: 78.10.0, javascriptEnabled: true, moz:accessibilityChecks: false, moz:buildID: 20210412162915, moz:geckodriverVersion: 0.29.0, moz:headless: false, moz:processID: 10260, moz:profile: C:\Users\sannaray\AppData\L..., moz:shutdownTimeout: 60000, moz:useNonSpecCompliantPointerOrigin: false, moz:webdriverClick: true, pageLoadStrategy: normal, platform: WINDOWS, platformName: WINDOWS, platformVersion: 10.0, rotatable: false, setWindowRect: true, strictFileInteractability: false, timeouts: {implicit: 0, pageLoad: 300000, script: 30000}, unhandledPromptBehavior: dismiss and notify}
Session ID: c545dc1d-6485-46d1-b364-0b6271d4d27e
	at java.base/jdk.internal.reflect.NativeConstructorAccessorImpl.newInstance0(Native Method)
	at java.base/jdk.internal.reflect.NativeConstructorAccessorImpl.newInstance(NativeConstructorAccessorImpl.java:62)
	at java.base/jdk.internal.reflect.DelegatingConstructorAccessorImpl.newInstance(DelegatingConstructorAccessorImpl.java:45)
	at java.base/java.lang.reflect.Constructor.newInstance(Constructor.java:490)
	at org.openqa.selenium.remote.http.W3CHttpResponseCodec.createException(W3CHttpResponseCodec.java:187)
	at org.openqa.selenium.remote.http.W3CHttpResponseCodec.decode(W3CHttpResponseCodec.java:122)
	at org.openqa.selenium.remote.http.W3CHttpResponseCodec.decode(W3CHttpResponseCodec.java:49)
	at org.openqa.selenium.remote.HttpCommandExecutor.execute(HttpCommandExecutor.java:158)
	at org.openqa.selenium.remote.service.DriverCommandExecutor.execute(DriverCommandExecutor.java:83)
	at org.openqa.selenium.remote.RemoteWebDriver.execute(RemoteWebDriver.java:552)
	at org.openqa.selenium.remote.RemoteWebElement.execute(RemoteWebElement.java:285)
	at org.openqa.selenium.remote.RemoteWebElement.sendKeys(RemoteWebElement.java:106)
	at operation.UIOperation.perform(UIOperation.java:24)
	at testCases.HybridExecuteTest.testLogin(HybridExecuteTest.java:34)
	at jdk.internal.reflect.GeneratedMethodAccessor1.invoke(Unknown Source)
	at java.base/jdk.internal.reflect.DelegatingMethodAccessorImpl.invoke(DelegatingMethodAccessorImpl.java:43)
	at java.base/java.lang.reflect.Method.invoke(Method.java:566)
	at org.testng.internal.MethodInvocationHelper.invokeMethod(MethodInvocationHelper.java:133)
	at org.testng.internal.TestInvoker.invokeMethod(TestInvoker.java:598)
	at org.testng.internal.TestInvoker.invokeTestMethod(TestInvoker.java:173)
	at org.testng.internal.MethodRunner.runInSequence(MethodRunner.java:46)
	at org.testng.internal.TestInvoker$MethodInvocationAgent.invoke(TestInvoker.java:824)
	at org.testng.internal.TestInvoker.invokeTestMethods(TestInvoker.java:146)
	at org.testng.internal.TestMethodWorker.invokeTestMethods(TestMethodWorker.java:146)
	at org.testng.internal.TestMethodWorker.run(TestMethodWorker.java:128)
	at java.base/java.util.ArrayList.forEach(ArrayList.java:1540)
	at org.testng.TestRunner.privateRun(TestRunner.java:794)
	at org.testng.TestRunner.run(TestRunner.java:596)
	at org.testng.SuiteRunner.runTest(SuiteRunner.java:377)
	at org.testng.SuiteRunner.runSequentially(SuiteRunner.java:371)
	at org.testng.SuiteRunner.privateRun(SuiteRunner.java:332)
	at org.testng.SuiteRunner.run(SuiteRunner.java:276)
	at org.testng.SuiteRunnerWorker.runSuite(SuiteRunnerWorker.java:53)
	at org.testng.SuiteRunnerWorker.run(SuiteRunnerWorker.java:96)
	at org.testng.TestNG.runSuitesSequentially(TestNG.java:1212)
	at org.testng.TestNG.runSuitesLocally(TestNG.java:1134)
	at org.testng.TestNG.runSuites(TestNG.java:1063)
	at org.testng.TestNG.run(TestNG.java:1031)
	at mainrunner.runnerclass.main(runnerclass.java:24)
</pre></div></td>
<td>0</td>
<td>testCases.HybridExecuteTest@3891771e</td></tr>
<tr>
<td title='testCases.HybridExecuteTest.testLogin()'><b>testLogin</b><br>Test class: testCases.HybridExecuteTest<br>Parameters: , SETTEXT, state, xpath, CHENNAI</td>
<td><div><pre>org.openqa.selenium.ElementNotInteractableException: Element &lt;input class=&quot;normalsection inputMedium cr_crd_state&quot; type=&quot;text&quot;&gt; is not reachable by keyboard
Build info: version: &apos;3.141.59&apos;, revision: &apos;e82be7d358&apos;, time: &apos;2018-11-14T08:25:53&apos;
System info: host: &apos;N-20L6PF1LDHZG&apos;, ip: &apos;10.143.118.154&apos;, os.name: &apos;Windows 10&apos;, os.arch: &apos;amd64&apos;, os.version: &apos;10.0&apos;, java.version: &apos;11.0.6&apos;
Driver info: org.openqa.selenium.firefox.FirefoxDriver
Capabilities {acceptInsecureCerts: true, browserName: firefox, browserVersion: 78.10.0, javascriptEnabled: true, moz:accessibilityChecks: false, moz:buildID: 20210412162915, moz:geckodriverVersion: 0.29.0, moz:headless: false, moz:processID: 10260, moz:profile: C:\Users\sannaray\AppData\L..., moz:shutdownTimeout: 60000, moz:useNonSpecCompliantPointerOrigin: false, moz:webdriverClick: true, pageLoadStrategy: normal, platform: WINDOWS, platformName: WINDOWS, platformVersion: 10.0, rotatable: false, setWindowRect: true, strictFileInteractability: false, timeouts: {implicit: 0, pageLoad: 300000, script: 30000}, unhandledPromptBehavior: dismiss and notify}
Session ID: c545dc1d-6485-46d1-b364-0b6271d4d27e
	at org.openqa.selenium.remote.http.W3CHttpResponseCodec.createException(W3CHttpResponseCodec.java:187)
	at org.openqa.selenium.remote.http.W3CHttpResponseCodec.decode(W3CHttpResponseCodec.java:122)
	at org.openqa.selenium.remote.http.W3CHttpResponseCodec.decode(W3CHttpResponseCodec.java:49)
	at org.openqa.selenium.remote.HttpCommandExecutor.execute(HttpCommandExecutor.java:158)
	at org.openqa.selenium.remote.service.DriverCommandExecutor.execute(DriverCommandExecutor.java:83)
	at org.openqa.selenium.remote.RemoteWebDriver.execute(RemoteWebDriver.java:552)
	at org.openqa.selenium.remote.RemoteWebElement.execute(RemoteWebElement.java:285)
	at org.openqa.selenium.remote.RemoteWebElement.sendKeys(RemoteWebElement.java:106)
	at operation.UIOperation.perform(UIOperation.java:24)
	at testCases.HybridExecuteTest.testLogin(HybridExecuteTest.java:34)
	at java.base/java.util.ArrayList.forEach(ArrayList.java:1540)
	at mainrunner.runnerclass.main(runnerclass.java:24)
... Removed 27 stack frames</pre></div><a href='#' onClick='toggleBox("stack-trace1265287441", this, "Click to show all stack frames", "Click to hide stack frames")'>Click to show all stack frames</a>
<div class='stack-trace' id='stack-trace1265287441'><pre>org.openqa.selenium.ElementNotInteractableException: Element &lt;input class=&quot;normalsection inputMedium cr_crd_state&quot; type=&quot;text&quot;&gt; is not reachable by keyboard
Build info: version: &apos;3.141.59&apos;, revision: &apos;e82be7d358&apos;, time: &apos;2018-11-14T08:25:53&apos;
System info: host: &apos;N-20L6PF1LDHZG&apos;, ip: &apos;10.143.118.154&apos;, os.name: &apos;Windows 10&apos;, os.arch: &apos;amd64&apos;, os.version: &apos;10.0&apos;, java.version: &apos;11.0.6&apos;
Driver info: org.openqa.selenium.firefox.FirefoxDriver
Capabilities {acceptInsecureCerts: true, browserName: firefox, browserVersion: 78.10.0, javascriptEnabled: true, moz:accessibilityChecks: false, moz:buildID: 20210412162915, moz:geckodriverVersion: 0.29.0, moz:headless: false, moz:processID: 10260, moz:profile: C:\Users\sannaray\AppData\L..., moz:shutdownTimeout: 60000, moz:useNonSpecCompliantPointerOrigin: false, moz:webdriverClick: true, pageLoadStrategy: normal, platform: WINDOWS, platformName: WINDOWS, platformVersion: 10.0, rotatable: false, setWindowRect: true, strictFileInteractability: false, timeouts: {implicit: 0, pageLoad: 300000, script: 30000}, unhandledPromptBehavior: dismiss and notify}
Session ID: c545dc1d-6485-46d1-b364-0b6271d4d27e
	at java.base/jdk.internal.reflect.NativeConstructorAccessorImpl.newInstance0(Native Method)
	at java.base/jdk.internal.reflect.NativeConstructorAccessorImpl.newInstance(NativeConstructorAccessorImpl.java:62)
	at java.base/jdk.internal.reflect.DelegatingConstructorAccessorImpl.newInstance(DelegatingConstructorAccessorImpl.java:45)
	at java.base/java.lang.reflect.Constructor.newInstance(Constructor.java:490)
	at org.openqa.selenium.remote.http.W3CHttpResponseCodec.createException(W3CHttpResponseCodec.java:187)
	at org.openqa.selenium.remote.http.W3CHttpResponseCodec.decode(W3CHttpResponseCodec.java:122)
	at org.openqa.selenium.remote.http.W3CHttpResponseCodec.decode(W3CHttpResponseCodec.java:49)
	at org.openqa.selenium.remote.HttpCommandExecutor.execute(HttpCommandExecutor.java:158)
	at org.openqa.selenium.remote.service.DriverCommandExecutor.execute(DriverCommandExecutor.java:83)
	at org.openqa.selenium.remote.RemoteWebDriver.execute(RemoteWebDriver.java:552)
	at org.openqa.selenium.remote.RemoteWebElement.execute(RemoteWebElement.java:285)
	at org.openqa.selenium.remote.RemoteWebElement.sendKeys(RemoteWebElement.java:106)
	at operation.UIOperation.perform(UIOperation.java:24)
	at testCases.HybridExecuteTest.testLogin(HybridExecuteTest.java:34)
	at jdk.internal.reflect.GeneratedMethodAccessor1.invoke(Unknown Source)
	at java.base/jdk.internal.reflect.DelegatingMethodAccessorImpl.invoke(DelegatingMethodAccessorImpl.java:43)
	at java.base/java.lang.reflect.Method.invoke(Method.java:566)
	at org.testng.internal.MethodInvocationHelper.invokeMethod(MethodInvocationHelper.java:133)
	at org.testng.internal.TestInvoker.invokeMethod(TestInvoker.java:598)
	at org.testng.internal.TestInvoker.invokeTestMethod(TestInvoker.java:173)
	at org.testng.internal.MethodRunner.runInSequence(MethodRunner.java:46)
	at org.testng.internal.TestInvoker$MethodInvocationAgent.invoke(TestInvoker.java:824)
	at org.testng.internal.TestInvoker.invokeTestMethods(TestInvoker.java:146)
	at org.testng.internal.TestMethodWorker.invokeTestMethods(TestMethodWorker.java:146)
	at org.testng.internal.TestMethodWorker.run(TestMethodWorker.java:128)
	at java.base/java.util.ArrayList.forEach(ArrayList.java:1540)
	at org.testng.TestRunner.privateRun(TestRunner.java:794)
	at org.testng.TestRunner.run(TestRunner.java:596)
	at org.testng.SuiteRunner.runTest(SuiteRunner.java:377)
	at org.testng.SuiteRunner.runSequentially(SuiteRunner.java:371)
	at org.testng.SuiteRunner.privateRun(SuiteRunner.java:332)
	at org.testng.SuiteRunner.run(SuiteRunner.java:276)
	at org.testng.SuiteRunnerWorker.runSuite(SuiteRunnerWorker.java:53)
	at org.testng.SuiteRunnerWorker.run(SuiteRunnerWorker.java:96)
	at org.testng.TestNG.runSuitesSequentially(TestNG.java:1212)
	at org.testng.TestNG.runSuitesLocally(TestNG.java:1134)
	at org.testng.TestNG.runSuites(TestNG.java:1063)
	at org.testng.TestNG.run(TestNG.java:1031)
	at mainrunner.runnerclass.main(runnerclass.java:24)
</pre></div></td>
<td>0</td>
<td>testCases.HybridExecuteTest@3891771e</td></tr>
</table><p>
<table width='100%' border='1' class='invocation-passed'>
<tr><td colspan='4' align='center'><b>PASSED TESTS</b></td></tr>
<tr><td><b>Test method</b></td>
<td width="30%"><b>Exception</b></td>
<td width="10%"><b>Time (seconds)</b></td>
<td><b>Instance</b></td>
</tr>
<tr>
<td title='testCases.HybridExecuteTest.testLogin()'><b>testLogin</b><br>Test class: testCases.HybridExecuteTest<br>Parameters: , GOTOURL, , , url</td>
<td></td>
<td>11</td>
<td>testCases.HybridExecuteTest@3891771e</td></tr>
<tr>
<td title='testCases.HybridExecuteTest.testLogin()'><b>testLogin</b><br>Test class: testCases.HybridExecuteTest<br>Parameters: , GOTOURL, , , url</td>
<td></td>
<td>11</td>
<td>testCases.HybridExecuteTest@3891771e</td></tr>
<tr>
<td title='testCases.HybridExecuteTest.testLogin()'><b>testLogin</b><br>Test class: testCases.HybridExecuteTest<br>Parameters: , GETURL, , , </td>
<td></td>
<td>0</td>
<td>testCases.HybridExecuteTest@3891771e</td></tr>
<tr>
<td title='testCases.HybridExecuteTest.testLogin()'><b>testLogin</b><br>Test class: testCases.HybridExecuteTest<br>Parameters: , CLICKSOMEWAIT, firstname, xpath, Sankar</td>
<td></td>
<td>10</td>
<td>testCases.HybridExecuteTest@3891771e</td></tr>
<tr>
<td title='testCases.HybridExecuteTest.testLogin()'><b>testLogin</b><br>Test class: testCases.HybridExecuteTest<br>Parameters: , SCROLL, valuegrp, xpath, </td>
<td></td>
<td>6</td>
<td>testCases.HybridExecuteTest@3891771e</td></tr>
<tr>
<td title='testCases.HybridExecuteTest.testLogin()'><b>testLogin</b><br>Test class: testCases.HybridExecuteTest<br>Parameters: , SETTEXT, value2, xpath, Ooty</td>
<td></td>
<td>0</td>
<td>testCases.HybridExecuteTest@3891771e</td></tr>
<tr>
<td title='testCases.HybridExecuteTest.testLogin()'><b>testLogin</b><br>Test class: testCases.HybridExecuteTest<br>Parameters: , CLICK, update, xpath, </td>
<td></td>
<td>3</td>
<td>testCases.HybridExecuteTest@3891771e</td></tr>
<tr>
<td title='testCases.HybridExecuteTest.testLogin()'><b>testLogin</b><br>Test class: testCases.HybridExecuteTest<br>Parameters: , CLICK, inputva, xpath, </td>
<td></td>
<td>3</td>
<td>testCases.HybridExecuteTest@3891771e</td></tr>
<tr>
<td title='testCases.HybridExecuteTest.testLogin()'><b>testLogin</b><br>Test class: testCases.HybridExecuteTest<br>Parameters: , CLICK, proceed, xpath, </td>
<td></td>
<td>3</td>
<td>testCases.HybridExecuteTest@3891771e</td></tr>
<tr>
<td title='testCases.HybridExecuteTest.testLogin()'><b>testLogin</b><br>Test class: testCases.HybridExecuteTest<br>Parameters: , SETTEXT, expirydate, xpath, 11/24</td>
<td></td>
<td>0</td>
<td>testCases.HybridExecuteTest@3891771e</td></tr>
<tr>
<td title='testCases.HybridExecuteTest.testLogin()'><b>testLogin</b><br>Test class: testCases.HybridExecuteTest<br>Parameters: , SWITCHFOCUS, , , </td>
<td></td>
<td>0</td>
<td>testCases.HybridExecuteTest@3891771e</td></tr>
<tr>
<td title='testCases.HybridExecuteTest.testLogin()'><b>testLogin</b><br>Test class: testCases.HybridExecuteTest<br>Parameters: , CLICKSOMEWAIT, email, xpath, sankarnarayanan_pavadai@mindtree.com</td>
<td></td>
<td>10</td>
<td>testCases.HybridExecuteTest@3891771e</td></tr>
<tr>
<td title='testCases.HybridExecuteTest.testLogin()'><b>testLogin</b><br>Test class: testCases.HybridExecuteTest<br>Parameters: , CLICKSOMEWAIT, ph, xpath, 9433229299</td>
<td></td>
<td>10</td>
<td>testCases.HybridExecuteTest@3891771e</td></tr>
<tr>
<td title='testCases.HybridExecuteTest.testLogin()'><b>testLogin</b><br>Test class: testCases.HybridExecuteTest<br>Parameters: , CLEAR, value2, xpath, </td>
<td></td>
<td>3</td>
<td>testCases.HybridExecuteTest@3891771e</td></tr>
<tr>
<td title='testCases.HybridExecuteTest.testLogin()'><b>testLogin</b><br>Test class: testCases.HybridExecuteTest<br>Parameters: , CLICK, hotel, link, </td>
<td></td>
<td>7</td>
<td>testCases.HybridExecuteTest@3891771e</td></tr>
<tr>
<td title='testCases.HybridExecuteTest.testLogin()'><b>testLogin</b><br>Test class: testCases.HybridExecuteTest<br>Parameters: HotelSearchGoibibo, , , , </td>
<td></td>
<td>4</td>
<td>testCases.HybridExecuteTest@3891771e</td></tr>
<tr>
<td title='testCases.HybridExecuteTest.testLogin()'><b>testLogin</b><br>Test class: testCases.HybridExecuteTest<br>Parameters: , CLICK, location, name, </td>
<td></td>
<td>3</td>
<td>testCases.HybridExecuteTest@3891771e</td></tr>
<tr>
<td title='testCases.HybridExecuteTest.testLogin()'><b>testLogin</b><br>Test class: testCases.HybridExecuteTest<br>Parameters: , SETTEXT, nameof, xpath, SANKAR</td>
<td></td>
<td>0</td>
<td>testCases.HybridExecuteTest@3891771e</td></tr>
<tr>
<td title='testCases.HybridExecuteTest.testLogin()'><b>testLogin</b><br>Test class: testCases.HybridExecuteTest<br>Parameters: , SWITCHFOCUS, , , </td>
<td></td>
<td>0</td>
<td>testCases.HybridExecuteTest@3891771e</td></tr>
<tr>
<td title='testCases.HybridExecuteTest.testLogin()'><b>testLogin</b><br>Test class: testCases.HybridExecuteTest<br>Parameters: , CLICK, viewroomoption, xpath, </td>
<td></td>
<td>3</td>
<td>testCases.HybridExecuteTest@3891771e</td></tr>
<tr>
<td title='testCases.HybridExecuteTest.testLogin()'><b>testLogin</b><br>Test class: testCases.HybridExecuteTest<br>Parameters: , CLICK, value, xpath, </td>
<td></td>
<td>3</td>
<td>testCases.HybridExecuteTest@3891771e</td></tr>
<tr>
<td title='testCases.HybridExecuteTest.testLogin()'><b>testLogin</b><br>Test class: testCases.HybridExecuteTest<br>Parameters: , SWITCHFOCUS, , , null</td>
<td></td>
<td>0</td>
<td>testCases.HybridExecuteTest@3891771e</td></tr>
<tr>
<td title='testCases.HybridExecuteTest.testLogin()'><b>testLogin</b><br>Test class: testCases.HybridExecuteTest<br>Parameters: , CLICK, location, name, </td>
<td></td>
<td>3</td>
<td>testCases.HybridExecuteTest@3891771e</td></tr>
<tr>
<td title='testCases.HybridExecuteTest.testLogin()'><b>testLogin</b><br>Test class: testCases.HybridExecuteTest<br>Parameters: , CLICKSOMEWAIT, lastname, xpath, Pavadai</td>
<td></td>
<td>10</td>
<td>testCases.HybridExecuteTest@3891771e</td></tr>
<tr>
<td title='testCases.HybridExecuteTest.testLogin()'><b>testLogin</b><br>Test class: testCases.HybridExecuteTest<br>Parameters: , GETURL, , , </td>
<td></td>
<td>0</td>
<td>testCases.HybridExecuteTest@3891771e</td></tr>
<tr>
<td title='testCases.HybridExecuteTest.testLogin()'><b>testLogin</b><br>Test class: testCases.HybridExecuteTest<br>Parameters: , SCROLL, hotelname, xpath, </td>
<td></td>
<td>6</td>
<td>testCases.HybridExecuteTest@3891771e</td></tr>
<tr>
<td title='testCases.HybridExecuteTest.testLogin()'><b>testLogin</b><br>Test class: testCases.HybridExecuteTest<br>Parameters: , SWITCHFOCUS, , , </td>
<td></td>
<td>0</td>
<td>testCases.HybridExecuteTest@3891771e</td></tr>
<tr>
<td title='testCases.HybridExecuteTest.testLogin()'><b>testLogin</b><br>Test class: testCases.HybridExecuteTest<br>Parameters: , CLICK, inputva, xpath, </td>
<td></td>
<td>3</td>
<td>testCases.HybridExecuteTest@3891771e</td></tr>
<tr>
<td title='testCases.HybridExecuteTest.testLogin()'><b>testLogin</b><br>Test class: testCases.HybridExecuteTest<br>Parameters: , SETTEXTWAIT, carddetails, xpath, 43434334244244</td>
<td></td>
<td>10</td>
<td>testCases.HybridExecuteTest@3891771e</td></tr>
<tr>
<td title='testCases.HybridExecuteTest.testLogin()'><b>testLogin</b><br>Test class: testCases.HybridExecuteTest<br>Parameters: , SETTEXT, cvv, xpath, 232</td>
<td></td>
<td>0</td>
<td>testCases.HybridExecuteTest@3891771e</td></tr>
<tr>
<td title='testCases.HybridExecuteTest.testLogin()'><b>testLogin</b><br>Test class: testCases.HybridExecuteTest<br>Parameters: , CLICK, value, xpath, </td>
<td></td>
<td>3</td>
<td>testCases.HybridExecuteTest@3891771e</td></tr>
<tr>
<td title='testCases.HybridExecuteTest.testLogin()'><b>testLogin</b><br>Test class: testCases.HybridExecuteTest<br>Parameters: , SETTEXT, todate, xpath, May 8, 2021</td>
<td></td>
<td>0</td>
<td>testCases.HybridExecuteTest@3891771e</td></tr>
<tr>
<td title='testCases.HybridExecuteTest.testLogin()'><b>testLogin</b><br>Test class: testCases.HybridExecuteTest<br>Parameters: , CLICK, pay, xpath, </td>
<td></td>
<td>3</td>
<td>testCases.HybridExecuteTest@3891771e</td></tr>
<tr>
<td title='testCases.HybridExecuteTest.testLogin()'><b>testLogin</b><br>Test class: testCases.HybridExecuteTest<br>Parameters: HotelSearchGoibibo1, , , , </td>
<td></td>
<td>3</td>
<td>testCases.HybridExecuteTest@3891771e</td></tr>
<tr>
<td title='testCases.HybridExecuteTest.testLogin()'><b>testLogin</b><br>Test class: testCases.HybridExecuteTest<br>Parameters: , CLICK, hotel, link, </td>
<td></td>
<td>7</td>
<td>testCases.HybridExecuteTest@3891771e</td></tr>
<tr>
<td title='testCases.HybridExecuteTest.testLogin()'><b>testLogin</b><br>Test class: testCases.HybridExecuteTest<br>Parameters: , CLICK, viewroom, xpath, </td>
<td></td>
<td>3</td>
<td>testCases.HybridExecuteTest@3891771e</td></tr>
<tr>
<td title='testCases.HybridExecuteTest.testLogin()'><b>testLogin</b><br>Test class: testCases.HybridExecuteTest<br>Parameters: , SCROLL, hotelname, xpath, </td>
<td></td>
<td>6</td>
<td>testCases.HybridExecuteTest@3891771e</td></tr>
</table><p>
</body>
</html>